<?xml version="1.0" encoding="UTF-8"?>
<testng-results skipped="0" failed="0" ignored="0" total="2" passed="2">
  <reporter-output>
  </reporter-output>
  <suite name="nopCommerce" duration-ms="56524" started-at="2020-04-22T12:15:10Z" finished-at="2020-04-22T12:16:06Z">
    <groups>
    </groups>
    <test name="chromeTest" duration-ms="56524" started-at="2020-04-22T12:15:10Z" finished-at="2020-04-22T12:16:06Z">
      <class name="com.nopcommerce.testCases.TC_LoginTest_001">
        <test-method status="PASS" signature="setup(java.lang.String)[pri:0, instance:com.nopcommerce.testCases.TC_LoginTest_001@708f5957]" name="setup" is-config="true" duration-ms="12205" started-at="2020-04-22T12:15:10Z" finished-at="2020-04-22T12:15:22Z">
          <params>
            <param index="0">
              <value>
                <![CDATA[chrome]]>
              </value>
            </param>
          </params>
          <reporter-output>
          </reporter-output>
        </test-method> <!-- setup -->
        <test-method status="PASS" signature="loginTest()[pri:0, instance:com.nopcommerce.testCases.TC_LoginTest_001@708f5957]" name="loginTest" duration-ms="7937" started-at="2020-04-22T12:15:22Z" finished-at="2020-04-22T12:15:30Z">
          <reporter-output>
          </reporter-output>
        </test-method> <!-- loginTest -->
        <test-method status="PASS" signature="tearDown()[pri:0, instance:com.nopcommerce.testCases.TC_LoginTest_001@708f5957]" name="tearDown" is-config="true" duration-ms="760" started-at="2020-04-22T12:15:30Z" finished-at="2020-04-22T12:15:31Z">
          <reporter-output>
          </reporter-output>
        </test-method> <!-- tearDown -->
      </class> <!-- com.nopcommerce.testCases.TC_LoginTest_001 -->
      <class name="com.nopcommerce.testCases.TC_AddCustomerTest_003">
        <test-method status="PASS" signature="setup(java.lang.String)[pri:0, instance:com.nopcommerce.testCases.TC_AddCustomerTest_003@68999068]" name="setup" is-config="true" duration-ms="9796" started-at="2020-04-22T12:15:31Z" finished-at="2020-04-22T12:15:41Z">
          <params>
            <param index="0">
              <value>
                <![CDATA[chrome]]>
              </value>
            </param>
          </params>
          <reporter-output>
          </reporter-output>
        </test-method> <!-- setup -->
        <test-method status="PASS" signature="addNewCustomer()[pri:0, instance:com.nopcommerce.testCases.TC_AddCustomerTest_003@68999068]" name="addNewCustomer" duration-ms="24950" started-at="2020-04-22T12:15:41Z" finished-at="2020-04-22T12:16:06Z">
          <reporter-output>
          </reporter-output>
        </test-method> <!-- addNewCustomer -->
        <test-method status="PASS" signature="tearDown()[pri:0, instance:com.nopcommerce.testCases.TC_AddCustomerTest_003@68999068]" name="tearDown" is-config="true" duration-ms="737" started-at="2020-04-22T12:16:06Z" finished-at="2020-04-22T12:16:06Z">
          <reporter-output>
          </reporter-output>
        </test-method> <!-- tearDown -->
      </class> <!-- com.nopcommerce.testCases.TC_AddCustomerTest_003 -->
    </test> <!-- chromeTest -->
  </suite> <!-- nopCommerce -->
</testng-results>
