<?xml version="1.0" encoding="UTF-8"?>
<testng-results skipped="0" failed="0" ignored="0" total="1" passed="1">
  <reporter-output>
  </reporter-output>
  <suite name="nopCommerce" duration-ms="36329" started-at="2020-04-21T16:22:24Z" finished-at="2020-04-21T16:23:00Z">
    <groups>
    </groups>
    <test name="edgetest" duration-ms="201" started-at="2020-04-21T16:22:24Z" finished-at="2020-04-21T16:22:24Z">
    </test> <!-- edgetest -->
    <test name="chromeTest" duration-ms="36329" started-at="2020-04-21T16:22:24Z" finished-at="2020-04-21T16:23:00Z">
      <class name="com.nopcommerce.testCases.TC_AddCustomerTest_003">
        <test-method status="PASS" signature="setup(java.lang.String)[pri:0, instance:com.nopcommerce.testCases.TC_AddCustomerTest_003@587e5365]" name="setup" is-config="true" duration-ms="14171" started-at="2020-04-21T16:22:24Z" finished-at="2020-04-21T16:22:38Z">
          <params>
            <param index="0">
              <value>
                <![CDATA[chrome]]>
              </value>
            </param>
          </params>
          <reporter-output>
          </reporter-output>
        </test-method> <!-- setup -->
        <test-method status="PASS" signature="addNewCustomer()[pri:0, instance:com.nopcommerce.testCases.TC_AddCustomerTest_003@587e5365]" name="addNewCustomer" duration-ms="20940" started-at="2020-04-21T16:22:38Z" finished-at="2020-04-21T16:22:59Z">
          <reporter-output>
          </reporter-output>
        </test-method> <!-- addNewCustomer -->
        <test-method status="PASS" signature="tearDown()[pri:0, instance:com.nopcommerce.testCases.TC_AddCustomerTest_003@587e5365]" name="tearDown" is-config="true" duration-ms="972" started-at="2020-04-21T16:22:59Z" finished-at="2020-04-21T16:23:00Z">
          <reporter-output>
          </reporter-output>
        </test-method> <!-- tearDown -->
      </class> <!-- com.nopcommerce.testCases.TC_AddCustomerTest_003 -->
    </test> <!-- chromeTest -->
  </suite> <!-- nopCommerce -->
</testng-results>
